<?xml version="1.0" encoding="UTF-8"?>
<testng-results ignored="0" total="2" passed="2" failed="0" skipped="0">
  <reporter-output>
  </reporter-output>
  <suite started-at="2026-03-07T17:24:14 GMT" name="EcommerceAutomationSuite" finished-at="2026-03-07T17:24:24 GMT" duration-ms="9826">
    <groups>
    </groups>
    <test started-at="2026-03-07T17:24:14 GMT" name="ChromeTest" finished-at="2026-03-07T17:24:21 GMT" duration-ms="6604">
      <class name="com.ecommerce.tests.LoginTest">
        <test-method is-config="true" signature="initBowser(java.lang.String)[pri:0, instance:com.ecommerce.tests.LoginTest@1d296da]" started-at="2026-03-07T17:24:15 GMT" name="initBowser" finished-at="2026-03-07T17:24:20 GMT" duration-ms="5260" status="PASS">
          <params>
            <param index="0">
              <value>
                <![CDATA[chrome]]>
              </value>
            </param>
          </params>
          <reporter-output>
          </reporter-output>
        </test-method> <!-- initBowser -->
        <test-method signature="LoginPageTest(java.lang.String,java.lang.String)[pri:0, instance:com.ecommerce.tests.LoginTest@1d296da]" started-at="2026-03-07T17:24:20 GMT" name="LoginPageTest" data-provider="LoginData" finished-at="2026-03-07T17:24:21 GMT" duration-ms="345" status="PASS">
          <params>
            <param index="0">
              <value>
                <![CDATA[standard_user]]>
              </value>
            </param>
            <param index="1">
              <value>
                <![CDATA[secret_sauce]]>
              </value>
            </param>
          </params>
          <reporter-output>
          </reporter-output>
        </test-method> <!-- LoginPageTest -->
        <test-method is-config="true" signature="tearDown()[pri:0, instance:com.ecommerce.tests.LoginTest@1d296da]" started-at="2026-03-07T17:24:21 GMT" name="tearDown" finished-at="2026-03-07T17:24:21 GMT" duration-ms="189" status="PASS">
          <reporter-output>
          </reporter-output>
        </test-method> <!-- tearDown -->
      </class> <!-- com.ecommerce.tests.LoginTest -->
    </test> <!-- ChromeTest -->
    <test started-at="2026-03-07T17:24:21 GMT" name="SafariTest" finished-at="2026-03-07T17:24:24 GMT" duration-ms="3193">
      <class name="com.ecommerce.tests.LoginTest">
        <test-method is-config="true" signature="initBowser(java.lang.String)[pri:0, instance:com.ecommerce.tests.LoginTest@2002fc1d]" started-at="2026-03-07T17:24:21 GMT" name="initBowser" finished-at="2026-03-07T17:24:24 GMT" duration-ms="2648" status="PASS">
          <params>
            <param index="0">
              <value>
                <![CDATA[safari]]>
              </value>
            </param>
          </params>
          <reporter-output>
          </reporter-output>
        </test-method> <!-- initBowser -->
        <test-method signature="LoginPageTest(java.lang.String,java.lang.String)[pri:0, instance:com.ecommerce.tests.LoginTest@2002fc1d]" started-at="2026-03-07T17:24:24 GMT" name="LoginPageTest" data-provider="LoginData" finished-at="2026-03-07T17:24:24 GMT" duration-ms="352" status="PASS">
          <params>
            <param index="0">
              <value>
                <![CDATA[standard_user]]>
              </value>
            </param>
            <param index="1">
              <value>
                <![CDATA[secret_sauce]]>
              </value>
            </param>
          </params>
          <reporter-output>
          </reporter-output>
        </test-method> <!-- LoginPageTest -->
        <test-method is-config="true" signature="tearDown()[pri:0, instance:com.ecommerce.tests.LoginTest@2002fc1d]" started-at="2026-03-07T17:24:24 GMT" name="tearDown" finished-at="2026-03-07T17:24:24 GMT" duration-ms="149" status="PASS">
          <reporter-output>
          </reporter-output>
        </test-method> <!-- tearDown -->
      </class> <!-- com.ecommerce.tests.LoginTest -->
    </test> <!-- SafariTest -->
  </suite> <!-- EcommerceAutomationSuite -->
</testng-results>
