<?xml version="1.0" encoding="UTF-8"?>
<!-- Generated by org.testng.reporters.JUnitReportReporter -->
<testsuite hostname="Macbooks-MacBook-Pro.local" failures="0" tests="2" name="com.ecommerce.tests.LoginTest" time="8.943" errors="0" timestamp="2026-03-07T17:24:24 GMT" skipped="0">
  <testcase classname="com.ecommerce.tests.LoginTest" name="LoginPageTest" time="5.794"/>
  <testcase classname="com.ecommerce.tests.LoginTest" name="LoginPageTest" time="3.149"/>
</testsuite> <!-- com.ecommerce.tests.LoginTest -->
